Received START packet with metadata:
	Size: 786432
	Source: ./media/sd/medium/orion_medium_00019.raw.sent
	Destination: orion_medium_00019.raw
Received DATA packet writing 755 bytes to offset 0
Received DATA packet writing 755 bytes to offset 755
Received DATA packet writing 755 bytes to offset 1510
Received DATA packet writing 755 bytes to offset 2265
Received DATA packet writing 755 bytes to offset 3020
Received DATA packet writing 755 bytes to offset 3775
Received DATA packet writing 755 bytes to offset 4530
Received DATA packet writing 755 bytes to offset 5285
Received DATA packet writing 755 bytes to offset 6040
Received DATA packet writing 755 bytes to offset 6795
Received DATA packet writing 755 bytes to offset 7550
Received DATA packet writing 755 bytes to offset 8305
Received DATA packet writing 755 bytes to offset 9060
Received DATA packet writing 755 bytes to offset 9815
Received DATA packet writing 755 bytes to offset 10570
Received DATA packet writing 755 bytes to offset 11325
Received DATA packet writing 755 bytes to offset 12080
Received DATA packet writing 755 bytes to offset 12835
Received DATA packet writing 755 bytes to offset 13590
Received DATA packet writing 755 bytes to offset 14345
Received DATA packet writing 755 bytes to offset 15100
Received DATA packet writing 755 bytes to offset 15855
Received DATA packet writing 755 bytes to offset 16610
Received DATA packet writing 755 bytes to offset 17365
Received DATA packet writing 755 bytes to offset 18120
Received DATA packet writing 755 bytes to offset 18875
Received DATA packet writing 755 bytes to offset 19630
Received DATA packet writing 755 bytes to offset 20385
Received DATA packet writing 755 bytes to offset 21140
Received DATA packet writing 755 bytes to offset 21895
Received DATA packet writing 755 bytes to offset 22650
Received DATA packet writing 755 bytes to offset 23405
Received DATA packet writing 755 bytes to offset 24160
Received DATA packet writing 755 bytes to offset 24915
Received DATA packet writing 755 bytes to offset 25670
Received DATA packet writing 755 bytes to offset 26425
Received DATA packet writing 755 bytes to offset 27180
Received DATA packet writing 755 bytes to offset 27935
Received DATA packet writing 755 bytes to offset 28690
Received DATA packet writing 755 bytes to offset 29445
Received DATA packet writing 755 bytes to offset 30200
Received DATA packet writing 755 bytes to offset 30955
Received DATA packet writing 755 bytes to offset 31710
Received DATA packet writing 755 bytes to offset 32465
Received DATA packet writing 755 bytes to offset 33220
Received DATA packet writing 755 bytes to offset 33975
Received DATA packet writing 755 bytes to offset 34730
Received DATA packet writing 755 bytes to offset 35485
Received DATA packet writing 755 bytes to offset 36240
Received DATA packet writing 755 bytes to offset 36995
Received DATA packet writing 755 bytes to offset 37750
Received DATA packet writing 755 bytes to offset 38505
Received DATA packet writing 755 bytes to offset 39260
Received DATA packet writing 755 bytes to offset 40015
Received DATA packet writing 755 bytes to offset 40770
Received DATA packet writing 755 bytes to offset 41525
Received DATA packet writing 755 bytes to offset 42280
Received DATA packet writing 755 bytes to offset 43035
Received DATA packet writing 755 bytes to offset 43790
Received DATA packet writing 755 bytes to offset 44545
Received DATA packet writing 755 bytes to offset 45300
Received DATA packet writing 755 bytes to offset 46055
Received DATA packet writing 755 bytes to offset 46810
Received DATA packet writing 755 bytes to offset 47565
Received DATA packet writing 755 bytes to offset 48320
Received DATA packet writing 755 bytes to offset 49075
Received DATA packet writing 755 bytes to offset 49830
Received DATA packet writing 755 bytes to offset 50585
Received DATA packet writing 755 bytes to offset 51340
Received DATA packet writing 755 bytes to offset 52095
Received DATA packet writing 755 bytes to offset 52850
Received DATA packet writing 755 bytes to offset 53605
Received DATA packet writing 755 bytes to offset 54360
Received DATA packet writing 755 bytes to offset 55115
Received DATA packet writing 755 bytes to offset 55870
Received DATA packet writing 755 bytes to offset 56625
Received DATA packet writing 755 bytes to offset 57380
Received DATA packet writing 755 bytes to offset 58135
Received DATA packet writing 755 bytes to offset 58890
Received DATA packet writing 755 bytes to offset 59645
Received DATA packet writing 755 bytes to offset 60400
Received DATA packet writing 755 bytes to offset 61155
Received DATA packet writing 755 bytes to offset 61910
Received DATA packet writing 755 bytes to offset 62665
Received DATA packet writing 755 bytes to offset 63420
Received DATA packet writing 755 bytes to offset 64175
Received DATA packet writing 755 bytes to offset 64930
Received DATA packet writing 755 bytes to offset 65685
Received DATA packet writing 755 bytes to offset 66440
Received DATA packet writing 755 bytes to offset 67195
Received DATA packet writing 755 bytes to offset 67950
Received DATA packet writing 755 bytes to offset 68705
Received DATA packet writing 755 bytes to offset 69460
Received DATA packet writing 755 bytes to offset 70215
Received DATA packet writing 755 bytes to offset 70970
Received DATA packet writing 755 bytes to offset 71725
Received DATA packet writing 755 bytes to offset 72480
Received DATA packet writing 755 bytes to offset 73235
Received DATA packet writing 755 bytes to offset 73990
Received DATA packet writing 755 bytes to offset 74745
Received DATA packet writing 755 bytes to offset 75500
Received DATA packet writing 755 bytes to offset 76255
Received DATA packet writing 755 bytes to offset 77010
Received DATA packet writing 755 bytes to offset 77765
Received DATA packet writing 755 bytes to offset 78520
Received DATA packet writing 755 bytes to offset 79275
Received DATA packet writing 755 bytes to offset 80030
Received DATA packet writing 755 bytes to offset 80785
Received DATA packet writing 755 bytes to offset 81540
Received DATA packet writing 755 bytes to offset 82295
Received DATA packet writing 755 bytes to offset 83050
Received DATA packet writing 755 bytes to offset 83805
Received DATA packet writing 755 bytes to offset 84560
Received DATA packet writing 755 bytes to offset 85315
Received DATA packet writing 755 bytes to offset 86070
Received DATA packet writing 755 bytes to offset 86825
Received DATA packet writing 755 bytes to offset 87580
Received DATA packet writing 755 bytes to offset 88335
Received DATA packet writing 755 bytes to offset 89090
Received DATA packet writing 755 bytes to offset 89845
Received DATA packet writing 755 bytes to offset 90600
Received DATA packet writing 755 bytes to offset 91355
Received DATA packet writing 755 bytes to offset 92110
Received DATA packet writing 755 bytes to offset 92865
Received DATA packet writing 755 bytes to offset 93620
Received DATA packet writing 755 bytes to offset 94375
Received DATA packet writing 755 bytes to offset 95130
Received DATA packet writing 755 bytes to offset 95885
Received DATA packet writing 755 bytes to offset 96640
Received DATA packet writing 755 bytes to offset 97395
Received DATA packet writing 755 bytes to offset 98150
Received DATA packet writing 755 bytes to offset 98905
Received DATA packet writing 755 bytes to offset 99660
Received DATA packet writing 755 bytes to offset 100415
Received DATA packet writing 755 bytes to offset 101170
Received DATA packet writing 755 bytes to offset 101925
Received DATA packet writing 755 bytes to offset 102680
Received DATA packet writing 755 bytes to offset 103435
Received DATA packet writing 755 bytes to offset 104190
Received DATA packet writing 755 bytes to offset 104945
Received DATA packet writing 755 bytes to offset 105700
Received DATA packet writing 755 bytes to offset 106455
Received DATA packet writing 755 bytes to offset 107210
Received DATA packet writing 755 bytes to offset 107965
Received DATA packet writing 755 bytes to offset 108720
Received DATA packet writing 755 bytes to offset 109475
Received DATA packet writing 755 bytes to offset 110230
Received DATA packet writing 755 bytes to offset 110985
Received DATA packet writing 755 bytes to offset 111740
Received DATA packet writing 755 bytes to offset 112495
Received DATA packet writing 755 bytes to offset 113250
Received DATA packet writing 755 bytes to offset 114005
Received DATA packet writing 755 bytes to offset 114760
Received DATA packet writing 755 bytes to offset 115515
Received DATA packet writing 755 bytes to offset 116270
Received DATA packet writing 755 bytes to offset 117025
Received DATA packet writing 755 bytes to offset 117780
Received DATA packet writing 755 bytes to offset 118535
Received DATA packet writing 755 bytes to offset 119290
Received DATA packet writing 755 bytes to offset 120045
Received DATA packet writing 755 bytes to offset 120800
Received DATA packet writing 755 bytes to offset 121555
Received DATA packet writing 755 bytes to offset 122310
Received DATA packet writing 755 bytes to offset 123065
Received DATA packet writing 755 bytes to offset 123820
Received DATA packet writing 755 bytes to offset 124575
Received DATA packet writing 755 bytes to offset 125330
Received DATA packet writing 755 bytes to offset 126085
Received DATA packet writing 755 bytes to offset 126840
Received DATA packet writing 755 bytes to offset 127595
Received DATA packet writing 755 bytes to offset 128350
Received DATA packet writing 755 bytes to offset 129105
Received DATA packet writing 755 bytes to offset 129860
Received DATA packet writing 755 bytes to offset 130615
Received DATA packet writing 755 bytes to offset 131370
Received DATA packet writing 755 bytes to offset 132125
Received DATA packet writing 755 bytes to offset 132880
Received DATA packet writing 755 bytes to offset 133635
Received DATA packet writing 755 bytes to offset 134390
Received DATA packet writing 755 bytes to offset 135145
Received DATA packet writing 755 bytes to offset 135900
Received DATA packet writing 755 bytes to offset 136655
Received DATA packet writing 755 bytes to offset 137410
Received DATA packet writing 755 bytes to offset 138165
Received DATA packet writing 755 bytes to offset 138920
Received DATA packet writing 755 bytes to offset 139675
Received DATA packet writing 755 bytes to offset 140430
Received DATA packet writing 755 bytes to offset 141185
Received DATA packet writing 755 bytes to offset 141940
Received DATA packet writing 755 bytes to offset 142695
Received DATA packet writing 755 bytes to offset 143450
Received DATA packet writing 755 bytes to offset 144205
Received DATA packet writing 755 bytes to offset 144960
Received DATA packet writing 755 bytes to offset 145715
Received DATA packet writing 755 bytes to offset 146470
Received DATA packet writing 755 bytes to offset 147225
Received DATA packet writing 755 bytes to offset 147980
Received DATA packet writing 755 bytes to offset 148735
Received DATA packet writing 755 bytes to offset 149490
Received DATA packet writing 755 bytes to offset 150245
Received DATA packet writing 755 bytes to offset 151000
Received DATA packet writing 755 bytes to offset 151755
Received DATA packet writing 755 bytes to offset 152510
Received DATA packet writing 755 bytes to offset 153265
Received DATA packet writing 755 bytes to offset 154020
Received DATA packet writing 755 bytes to offset 154775
Received DATA packet writing 755 bytes to offset 155530
Received DATA packet writing 755 bytes to offset 156285
Received DATA packet writing 755 bytes to offset 157040
Received DATA packet writing 755 bytes to offset 157795
Received DATA packet writing 755 bytes to offset 158550
Received DATA packet writing 755 bytes to offset 159305
Received DATA packet writing 755 bytes to offset 160060
Received DATA packet writing 755 bytes to offset 160815
Received DATA packet writing 755 bytes to offset 161570
Received DATA packet writing 755 bytes to offset 162325
Received DATA packet writing 755 bytes to offset 163080
Received DATA packet writing 755 bytes to offset 163835
Received DATA packet writing 755 bytes to offset 164590
Received DATA packet writing 755 bytes to offset 165345
Received DATA packet writing 755 bytes to offset 166100
Received DATA packet writing 755 bytes to offset 166855
Received DATA packet writing 755 bytes to offset 167610
Received DATA packet writing 755 bytes to offset 168365
Received DATA packet writing 755 bytes to offset 169120
Received DATA packet writing 755 bytes to offset 169875
Received DATA packet writing 755 bytes to offset 170630
Received DATA packet writing 755 bytes to offset 171385
Received DATA packet writing 755 bytes to offset 172140
Received DATA packet writing 755 bytes to offset 172895
Received DATA packet writing 755 bytes to offset 173650
Received DATA packet writing 755 bytes to offset 174405
Received DATA packet writing 755 bytes to offset 175160
Received DATA packet writing 755 bytes to offset 175915
Received DATA packet writing 755 bytes to offset 176670
Received DATA packet writing 755 bytes to offset 177425
Received DATA packet writing 755 bytes to offset 178180
Received DATA packet writing 755 bytes to offset 178935
Received DATA packet writing 755 bytes to offset 179690
Received DATA packet writing 755 bytes to offset 180445
Received DATA packet writing 755 bytes to offset 181200
Received DATA packet writing 755 bytes to offset 181955
Received DATA packet writing 755 bytes to offset 182710
Received DATA packet writing 755 bytes to offset 183465
Received DATA packet writing 755 bytes to offset 184220
Received DATA packet writing 755 bytes to offset 184975
Received DATA packet writing 755 bytes to offset 185730
Received DATA packet writing 755 bytes to offset 186485
Received DATA packet writing 755 bytes to offset 187240
Received DATA packet writing 755 bytes to offset 187995
Received DATA packet writing 755 bytes to offset 188750
Received DATA packet writing 755 bytes to offset 189505
Received DATA packet writing 755 bytes to offset 190260
Received DATA packet writing 755 bytes to offset 191015
Received DATA packet writing 755 bytes to offset 191770
Received DATA packet writing 755 bytes to offset 192525
Received DATA packet writing 755 bytes to offset 193280
Received DATA packet writing 755 bytes to offset 194035
Received DATA packet writing 755 bytes to offset 194790
Received DATA packet writing 755 bytes to offset 195545
Received DATA packet writing 755 bytes to offset 196300
Received DATA packet writing 755 bytes to offset 197055
Received DATA packet writing 755 bytes to offset 197810
Received DATA packet writing 755 bytes to offset 198565
Received DATA packet writing 755 bytes to offset 199320
Received DATA packet writing 755 bytes to offset 200075
Received DATA packet writing 755 bytes to offset 200830
Received DATA packet writing 755 bytes to offset 201585
Received DATA packet writing 755 bytes to offset 202340
Received DATA packet writing 755 bytes to offset 203095
Received DATA packet writing 755 bytes to offset 203850
Received DATA packet writing 755 bytes to offset 204605
Received DATA packet writing 755 bytes to offset 205360
Received DATA packet writing 755 bytes to offset 206115
Received DATA packet writing 755 bytes to offset 206870
Received DATA packet writing 755 bytes to offset 207625
Received DATA packet writing 755 bytes to offset 208380
Received DATA packet writing 755 bytes to offset 209135
Received DATA packet writing 755 bytes to offset 209890
Received DATA packet writing 755 bytes to offset 210645
Received DATA packet writing 755 bytes to offset 211400
Received DATA packet writing 755 bytes to offset 212155
Received DATA packet writing 755 bytes to offset 212910
Received DATA packet writing 755 bytes to offset 213665
Received DATA packet writing 755 bytes to offset 214420
Received DATA packet writing 755 bytes to offset 215175
Received DATA packet writing 755 bytes to offset 215930
Received DATA packet writing 755 bytes to offset 216685
Received DATA packet writing 755 bytes to offset 217440
Received DATA packet writing 755 bytes to offset 218195
Received DATA packet writing 755 bytes to offset 218950
Received DATA packet writing 755 bytes to offset 219705
Received DATA packet writing 755 bytes to offset 220460
Received DATA packet writing 755 bytes to offset 221215
Received DATA packet writing 755 bytes to offset 221970
Received DATA packet writing 755 bytes to offset 222725
Received DATA packet writing 755 bytes to offset 223480
Received DATA packet writing 755 bytes to offset 224235
Received DATA packet writing 755 bytes to offset 224990
Received DATA packet writing 755 bytes to offset 225745
Received DATA packet writing 755 bytes to offset 226500
Received DATA packet writing 755 bytes to offset 227255
Received DATA packet writing 755 bytes to offset 228010
Received DATA packet writing 755 bytes to offset 228765
Received DATA packet writing 755 bytes to offset 229520
Received DATA packet writing 755 bytes to offset 230275
Received DATA packet writing 755 bytes to offset 231030
Received DATA packet writing 755 bytes to offset 231785
Received DATA packet writing 755 bytes to offset 232540
Received DATA packet writing 755 bytes to offset 233295
Received DATA packet writing 755 bytes to offset 234050
Received DATA packet writing 755 bytes to offset 234805
Received DATA packet writing 755 bytes to offset 235560
Received DATA packet writing 755 bytes to offset 236315
Received DATA packet writing 755 bytes to offset 237070
Received DATA packet writing 755 bytes to offset 237825
Received DATA packet writing 755 bytes to offset 238580
Received DATA packet writing 755 bytes to offset 239335
Received DATA packet writing 755 bytes to offset 240090
Received DATA packet writing 755 bytes to offset 240845
Received DATA packet writing 755 bytes to offset 241600
Received DATA packet writing 755 bytes to offset 242355
Received DATA packet writing 755 bytes to offset 243110
Received DATA packet writing 755 bytes to offset 243865
Received DATA packet writing 755 bytes to offset 244620
Received DATA packet writing 755 bytes to offset 245375
Received DATA packet writing 755 bytes to offset 246130
Received DATA packet writing 755 bytes to offset 246885
Received DATA packet writing 755 bytes to offset 247640
Received DATA packet writing 755 bytes to offset 248395
Received DATA packet writing 755 bytes to offset 249150
Received DATA packet writing 755 bytes to offset 249905
Received DATA packet writing 755 bytes to offset 250660
Received DATA packet writing 755 bytes to offset 251415
Received DATA packet writing 755 bytes to offset 252170
Received DATA packet writing 755 bytes to offset 252925
Received DATA packet writing 755 bytes to offset 253680
Received DATA packet writing 755 bytes to offset 254435
Received DATA packet writing 755 bytes to offset 255190
Received DATA packet writing 755 bytes to offset 255945
Received DATA packet writing 755 bytes to offset 256700
Received DATA packet writing 755 bytes to offset 257455
Received DATA packet writing 755 bytes to offset 258210
Received DATA packet writing 755 bytes to offset 258965
Received DATA packet writing 755 bytes to offset 259720
Received DATA packet writing 755 bytes to offset 260475
Received DATA packet writing 755 bytes to offset 261230
Received DATA packet writing 755 bytes to offset 261985
Received DATA packet writing 755 bytes to offset 262740
Received DATA packet writing 755 bytes to offset 263495
Received DATA packet writing 755 bytes to offset 264250
Received DATA packet writing 755 bytes to offset 265005
Received DATA packet writing 755 bytes to offset 265760
Received DATA packet writing 755 bytes to offset 266515
Received DATA packet writing 755 bytes to offset 267270
Received DATA packet writing 755 bytes to offset 268025
Received DATA packet writing 755 bytes to offset 268780
Received DATA packet writing 755 bytes to offset 269535
Received DATA packet writing 755 bytes to offset 270290
Received DATA packet writing 755 bytes to offset 271045
Received DATA packet writing 755 bytes to offset 271800
Received DATA packet writing 755 bytes to offset 272555
Received DATA packet writing 755 bytes to offset 273310
Received DATA packet writing 755 bytes to offset 274065
Received DATA packet writing 755 bytes to offset 274820
Received DATA packet writing 755 bytes to offset 275575
Received DATA packet writing 755 bytes to offset 276330
Received DATA packet writing 755 bytes to offset 277085
Received DATA packet writing 755 bytes to offset 277840
Received DATA packet writing 755 bytes to offset 278595
Received DATA packet writing 755 bytes to offset 279350
Received DATA packet writing 755 bytes to offset 280105
Received DATA packet writing 755 bytes to offset 280860
Received DATA packet writing 755 bytes to offset 281615
Received DATA packet writing 755 bytes to offset 282370
Received DATA packet writing 755 bytes to offset 283125
Received DATA packet writing 755 bytes to offset 283880
Received DATA packet writing 755 bytes to offset 284635
Received DATA packet writing 755 bytes to offset 285390
Received DATA packet writing 755 bytes to offset 286145
Received DATA packet writing 755 bytes to offset 286900
Received DATA packet writing 755 bytes to offset 287655
Received DATA packet writing 755 bytes to offset 288410
Received DATA packet writing 755 bytes to offset 289165
Received DATA packet writing 755 bytes to offset 289920
Received DATA packet writing 755 bytes to offset 290675
Received DATA packet writing 755 bytes to offset 291430
Received DATA packet writing 755 bytes to offset 292185
Received DATA packet writing 755 bytes to offset 292940
Received DATA packet writing 755 bytes to offset 293695
Received DATA packet writing 755 bytes to offset 294450
Received DATA packet writing 755 bytes to offset 295205
Received DATA packet writing 755 bytes to offset 295960
Received DATA packet writing 755 bytes to offset 296715
Received DATA packet writing 755 bytes to offset 297470
Received DATA packet writing 755 bytes to offset 298225
Received DATA packet writing 755 bytes to offset 298980
Received DATA packet writing 755 bytes to offset 299735
Received DATA packet writing 755 bytes to offset 300490
Received DATA packet writing 755 bytes to offset 301245
Received DATA packet writing 755 bytes to offset 302000
Received DATA packet writing 755 bytes to offset 302755
Received DATA packet writing 755 bytes to offset 303510
Received DATA packet writing 755 bytes to offset 304265
Received DATA packet writing 755 bytes to offset 305020
Received DATA packet writing 755 bytes to offset 305775
Received DATA packet writing 755 bytes to offset 306530
Received DATA packet writing 755 bytes to offset 307285
Received DATA packet writing 755 bytes to offset 308040
Received DATA packet writing 755 bytes to offset 308795
Received DATA packet writing 755 bytes to offset 309550
Received DATA packet writing 755 bytes to offset 310305
Received DATA packet writing 755 bytes to offset 311060
Received DATA packet writing 755 bytes to offset 311815
Received DATA packet writing 755 bytes to offset 312570
Received DATA packet writing 755 bytes to offset 313325
Received DATA packet writing 755 bytes to offset 314080
Received DATA packet writing 755 bytes to offset 314835
Received DATA packet writing 755 bytes to offset 315590
Received DATA packet writing 755 bytes to offset 316345
Received DATA packet writing 755 bytes to offset 317100
Received DATA packet writing 755 bytes to offset 317855
Received DATA packet writing 755 bytes to offset 318610
Received DATA packet writing 755 bytes to offset 319365
Received DATA packet writing 755 bytes to offset 320120
Received DATA packet writing 755 bytes to offset 320875
Received DATA packet writing 755 bytes to offset 321630
Received DATA packet writing 755 bytes to offset 322385
Received DATA packet writing 755 bytes to offset 323140
Received DATA packet writing 755 bytes to offset 323895
Received DATA packet writing 755 bytes to offset 324650
Received DATA packet writing 755 bytes to offset 325405
Received DATA packet writing 755 bytes to offset 326160
Received DATA packet writing 755 bytes to offset 326915
Received DATA packet writing 755 bytes to offset 327670
Received DATA packet writing 755 bytes to offset 328425
Received DATA packet writing 755 bytes to offset 329180
Received DATA packet writing 755 bytes to offset 329935
Received DATA packet writing 755 bytes to offset 330690
Received DATA packet writing 755 bytes to offset 331445
Received DATA packet writing 755 bytes to offset 332200
Received DATA packet writing 755 bytes to offset 332955
Received DATA packet writing 755 bytes to offset 333710
Received DATA packet writing 755 bytes to offset 334465
Received DATA packet writing 755 bytes to offset 335220
Received DATA packet writing 755 bytes to offset 335975
Received DATA packet writing 755 bytes to offset 336730
Received DATA packet writing 755 bytes to offset 337485
Received DATA packet writing 755 bytes to offset 338240
Received DATA packet writing 755 bytes to offset 338995
Received DATA packet writing 755 bytes to offset 339750
Received DATA packet writing 755 bytes to offset 340505
Received DATA packet writing 755 bytes to offset 341260
Received DATA packet writing 755 bytes to offset 342015
Received DATA packet writing 755 bytes to offset 342770
Received DATA packet writing 755 bytes to offset 343525
Received DATA packet writing 755 bytes to offset 344280
Received DATA packet writing 755 bytes to offset 345035
Received DATA packet writing 755 bytes to offset 345790
Received DATA packet writing 755 bytes to offset 346545
Received DATA packet writing 755 bytes to offset 347300
Received DATA packet writing 755 bytes to offset 348055
Received DATA packet writing 755 bytes to offset 348810
Received DATA packet writing 755 bytes to offset 349565
Received DATA packet writing 755 bytes to offset 350320
Received DATA packet writing 755 bytes to offset 351075
Received DATA packet writing 755 bytes to offset 351830
Received DATA packet writing 755 bytes to offset 352585
Received DATA packet writing 755 bytes to offset 353340
Received DATA packet writing 755 bytes to offset 354095
Received DATA packet writing 755 bytes to offset 354850
Received DATA packet writing 755 bytes to offset 355605
Received DATA packet writing 755 bytes to offset 356360
Received DATA packet writing 755 bytes to offset 357115
Received DATA packet writing 755 bytes to offset 357870
Received DATA packet writing 755 bytes to offset 358625
Received DATA packet writing 755 bytes to offset 359380
Received DATA packet writing 755 bytes to offset 360135
Received DATA packet writing 755 bytes to offset 360890
Received DATA packet writing 755 bytes to offset 361645
Received DATA packet writing 755 bytes to offset 362400
Received DATA packet writing 755 bytes to offset 363155
Received DATA packet writing 755 bytes to offset 363910
Received DATA packet writing 755 bytes to offset 364665
Received DATA packet writing 755 bytes to offset 365420
Received DATA packet writing 755 bytes to offset 366175
Received DATA packet writing 755 bytes to offset 366930
Received DATA packet writing 755 bytes to offset 367685
Received DATA packet writing 755 bytes to offset 368440
Received DATA packet writing 755 bytes to offset 369195
Received DATA packet writing 755 bytes to offset 369950
Received DATA packet writing 755 bytes to offset 370705
Received DATA packet writing 755 bytes to offset 371460
Received DATA packet writing 755 bytes to offset 372215
Received DATA packet writing 755 bytes to offset 372970
Received DATA packet writing 755 bytes to offset 373725
Received DATA packet writing 755 bytes to offset 374480
Received DATA packet writing 755 bytes to offset 375235
Received DATA packet writing 755 bytes to offset 375990
Received DATA packet writing 755 bytes to offset 376745
Received DATA packet writing 755 bytes to offset 377500
Received DATA packet writing 755 bytes to offset 378255
Received DATA packet writing 755 bytes to offset 379010
Received DATA packet writing 755 bytes to offset 379765
Received DATA packet writing 755 bytes to offset 380520
Received DATA packet writing 755 bytes to offset 381275
Received DATA packet writing 755 bytes to offset 382030
Received DATA packet writing 755 bytes to offset 382785
Received DATA packet writing 755 bytes to offset 383540
Received DATA packet writing 755 bytes to offset 384295
Received DATA packet writing 755 bytes to offset 385050
Received DATA packet writing 755 bytes to offset 385805
Received DATA packet writing 755 bytes to offset 386560
Received DATA packet writing 755 bytes to offset 387315
Received DATA packet writing 755 bytes to offset 388070
Received DATA packet writing 755 bytes to offset 388825
Received DATA packet writing 755 bytes to offset 389580
Received DATA packet writing 755 bytes to offset 390335
Received DATA packet writing 755 bytes to offset 391090
Received DATA packet writing 755 bytes to offset 391845
Received DATA packet writing 755 bytes to offset 392600
Received DATA packet writing 755 bytes to offset 393355
Received DATA packet writing 755 bytes to offset 394110
Received DATA packet writing 755 bytes to offset 394865
Received DATA packet writing 755 bytes to offset 395620
Received DATA packet writing 755 bytes to offset 396375
Received DATA packet writing 755 bytes to offset 397130
Received DATA packet writing 755 bytes to offset 397885
Received DATA packet writing 755 bytes to offset 398640
Received DATA packet writing 755 bytes to offset 399395
Received DATA packet writing 755 bytes to offset 400150
Received DATA packet writing 755 bytes to offset 400905
Received DATA packet writing 755 bytes to offset 401660
Received DATA packet writing 755 bytes to offset 402415
Received DATA packet writing 755 bytes to offset 403170
Received DATA packet writing 755 bytes to offset 403925
Received DATA packet writing 755 bytes to offset 404680
Received DATA packet writing 755 bytes to offset 405435
Received DATA packet writing 755 bytes to offset 406190
Received DATA packet writing 755 bytes to offset 406945
Received DATA packet writing 755 bytes to offset 407700
Received DATA packet writing 755 bytes to offset 408455
Received DATA packet writing 755 bytes to offset 409210
Received DATA packet writing 755 bytes to offset 409965
Received DATA packet writing 755 bytes to offset 410720
Received DATA packet writing 755 bytes to offset 411475
Received DATA packet writing 755 bytes to offset 412230
Received DATA packet writing 755 bytes to offset 412985
Received DATA packet writing 755 bytes to offset 413740
Received DATA packet writing 755 bytes to offset 414495
Received DATA packet writing 755 bytes to offset 415250
Received DATA packet writing 755 bytes to offset 416005
Received DATA packet writing 755 bytes to offset 416760
Received DATA packet writing 755 bytes to offset 417515
Received DATA packet writing 755 bytes to offset 418270
Received DATA packet writing 755 bytes to offset 419025
Received DATA packet writing 755 bytes to offset 419780
Received DATA packet writing 755 bytes to offset 420535
Received DATA packet writing 755 bytes to offset 421290
Received DATA packet writing 755 bytes to offset 422045
Received DATA packet writing 755 bytes to offset 422800
Received DATA packet writing 755 bytes to offset 423555
Received DATA packet writing 755 bytes to offset 424310
Received DATA packet writing 755 bytes to offset 425065
Received DATA packet writing 755 bytes to offset 425820
Received DATA packet writing 755 bytes to offset 426575
Received DATA packet writing 755 bytes to offset 427330
Received DATA packet writing 755 bytes to offset 428085
Received DATA packet writing 755 bytes to offset 428840
Received DATA packet writing 755 bytes to offset 429595
Received DATA packet writing 755 bytes to offset 430350
Received DATA packet writing 755 bytes to offset 431105
Received DATA packet writing 755 bytes to offset 431860
Received DATA packet writing 755 bytes to offset 432615
Received DATA packet writing 755 bytes to offset 433370
Received DATA packet writing 755 bytes to offset 434125
Received DATA packet writing 755 bytes to offset 434880
Received DATA packet writing 755 bytes to offset 435635
Received DATA packet writing 755 bytes to offset 436390
Received DATA packet writing 755 bytes to offset 437145
Received DATA packet writing 755 bytes to offset 437900
Received DATA packet writing 755 bytes to offset 438655
Received DATA packet writing 755 bytes to offset 439410
Received DATA packet writing 755 bytes to offset 440165
Received DATA packet writing 755 bytes to offset 440920
Received DATA packet writing 755 bytes to offset 441675
Received DATA packet writing 755 bytes to offset 442430
Received DATA packet writing 755 bytes to offset 443185
Received DATA packet writing 755 bytes to offset 443940
Received DATA packet writing 755 bytes to offset 444695
Received DATA packet writing 755 bytes to offset 445450
Received DATA packet writing 755 bytes to offset 446205
Received DATA packet writing 755 bytes to offset 446960
Received DATA packet writing 755 bytes to offset 447715
Received DATA packet writing 755 bytes to offset 448470
Received DATA packet writing 755 bytes to offset 449225
Received DATA packet writing 755 bytes to offset 449980
Received DATA packet writing 755 bytes to offset 450735
Received DATA packet writing 755 bytes to offset 451490
Received DATA packet writing 755 bytes to offset 452245
Received DATA packet writing 755 bytes to offset 453000
Received DATA packet writing 755 bytes to offset 453755
Received DATA packet writing 755 bytes to offset 454510
Received DATA packet writing 755 bytes to offset 455265
Received DATA packet writing 755 bytes to offset 456020
Received DATA packet writing 755 bytes to offset 456775
Received DATA packet writing 755 bytes to offset 457530
Received DATA packet writing 755 bytes to offset 458285
Received DATA packet writing 755 bytes to offset 459040
Received DATA packet writing 755 bytes to offset 459795
Received DATA packet writing 755 bytes to offset 460550
Received DATA packet writing 755 bytes to offset 461305
Received DATA packet writing 755 bytes to offset 462060
Received DATA packet writing 755 bytes to offset 462815
Received DATA packet writing 755 bytes to offset 463570
Received DATA packet writing 755 bytes to offset 464325
Received DATA packet writing 755 bytes to offset 465080
Received DATA packet writing 755 bytes to offset 465835
Received DATA packet writing 755 bytes to offset 466590
Received DATA packet writing 755 bytes to offset 467345
Received DATA packet writing 755 bytes to offset 468100
Received DATA packet writing 755 bytes to offset 468855
Received DATA packet writing 755 bytes to offset 469610
Received DATA packet writing 755 bytes to offset 470365
Received DATA packet writing 755 bytes to offset 471120
Received DATA packet writing 755 bytes to offset 471875
Received DATA packet writing 755 bytes to offset 472630
Received DATA packet writing 755 bytes to offset 473385
Received DATA packet writing 755 bytes to offset 474140
Received DATA packet writing 755 bytes to offset 474895
Received DATA packet writing 755 bytes to offset 475650
Received DATA packet writing 755 bytes to offset 476405
Received DATA packet writing 755 bytes to offset 477160
Received DATA packet writing 755 bytes to offset 477915
Received DATA packet writing 755 bytes to offset 478670
Received DATA packet writing 755 bytes to offset 479425
Received DATA packet writing 755 bytes to offset 480180
Received DATA packet writing 755 bytes to offset 480935
Received DATA packet writing 755 bytes to offset 481690
Received DATA packet writing 755 bytes to offset 482445
Received DATA packet writing 755 bytes to offset 483200
Received DATA packet writing 755 bytes to offset 483955
Received DATA packet writing 755 bytes to offset 484710
Received DATA packet writing 755 bytes to offset 485465
Received DATA packet writing 755 bytes to offset 486220
Received DATA packet writing 755 bytes to offset 486975
Received DATA packet writing 755 bytes to offset 487730
Received DATA packet writing 755 bytes to offset 488485
Received DATA packet writing 755 bytes to offset 489240
Received DATA packet writing 755 bytes to offset 489995
Received DATA packet writing 755 bytes to offset 490750
Received DATA packet writing 755 bytes to offset 491505
Received DATA packet writing 755 bytes to offset 492260
Received DATA packet writing 755 bytes to offset 493015
Received DATA packet writing 755 bytes to offset 493770
Received DATA packet writing 755 bytes to offset 494525
Received DATA packet writing 755 bytes to offset 495280
Received DATA packet writing 755 bytes to offset 496035
Received DATA packet writing 755 bytes to offset 496790
Received DATA packet writing 755 bytes to offset 497545
Received DATA packet writing 755 bytes to offset 498300
Received DATA packet writing 755 bytes to offset 499055
Received DATA packet writing 755 bytes to offset 499810
Received DATA packet writing 755 bytes to offset 500565
Received DATA packet writing 755 bytes to offset 501320
Received DATA packet writing 755 bytes to offset 502075
Received DATA packet writing 755 bytes to offset 502830
Received DATA packet writing 755 bytes to offset 503585
Received DATA packet writing 755 bytes to offset 504340
Received DATA packet writing 755 bytes to offset 505095
Received DATA packet writing 755 bytes to offset 505850
Received DATA packet writing 755 bytes to offset 506605
Received DATA packet writing 755 bytes to offset 507360
Received DATA packet writing 755 bytes to offset 508115
Received DATA packet writing 755 bytes to offset 508870
Received DATA packet writing 755 bytes to offset 509625
Received DATA packet writing 755 bytes to offset 510380
Received DATA packet writing 755 bytes to offset 511135
Received DATA packet writing 755 bytes to offset 511890
Received DATA packet writing 755 bytes to offset 512645
Received DATA packet writing 755 bytes to offset 513400
Received DATA packet writing 755 bytes to offset 514155
Received DATA packet writing 755 bytes to offset 514910
Received DATA packet writing 755 bytes to offset 515665
Received DATA packet writing 755 bytes to offset 516420
Received DATA packet writing 755 bytes to offset 517175
Received DATA packet writing 755 bytes to offset 517930
Received DATA packet writing 755 bytes to offset 518685
Received DATA packet writing 755 bytes to offset 519440
Received DATA packet writing 755 bytes to offset 520195
Received DATA packet writing 755 bytes to offset 520950
Received DATA packet writing 755 bytes to offset 521705
Received DATA packet writing 755 bytes to offset 522460
Received DATA packet writing 755 bytes to offset 523215
Received DATA packet writing 755 bytes to offset 523970
Received DATA packet writing 755 bytes to offset 524725
Received DATA packet writing 755 bytes to offset 525480
Received DATA packet writing 755 bytes to offset 526235
Received DATA packet writing 755 bytes to offset 526990
Received DATA packet writing 755 bytes to offset 527745
Received DATA packet writing 755 bytes to offset 528500
Received DATA packet writing 755 bytes to offset 529255
Received DATA packet writing 755 bytes to offset 530010
Received DATA packet writing 755 bytes to offset 530765
Received DATA packet writing 755 bytes to offset 531520
Received DATA packet writing 755 bytes to offset 532275
Received DATA packet writing 755 bytes to offset 533030
Received DATA packet writing 755 bytes to offset 533785
Received DATA packet writing 755 bytes to offset 534540
Received DATA packet writing 755 bytes to offset 535295
Received DATA packet writing 755 bytes to offset 536050
Received DATA packet writing 755 bytes to offset 536805
Received DATA packet writing 755 bytes to offset 537560
Received DATA packet writing 755 bytes to offset 538315
Received DATA packet writing 755 bytes to offset 539070
Received DATA packet writing 755 bytes to offset 539825
Received DATA packet writing 755 bytes to offset 540580
Received DATA packet writing 755 bytes to offset 541335
Received DATA packet writing 755 bytes to offset 542090
Received DATA packet writing 755 bytes to offset 542845
Received DATA packet writing 755 bytes to offset 543600
Received DATA packet writing 755 bytes to offset 544355
Received DATA packet writing 755 bytes to offset 545110
Received DATA packet writing 755 bytes to offset 545865
Received DATA packet writing 755 bytes to offset 546620
Received DATA packet writing 755 bytes to offset 547375
Received DATA packet writing 755 bytes to offset 548130
Received DATA packet writing 755 bytes to offset 548885
Received DATA packet writing 755 bytes to offset 549640
Received DATA packet writing 755 bytes to offset 550395
Received DATA packet writing 755 bytes to offset 551150
Received DATA packet writing 755 bytes to offset 551905
Received DATA packet writing 755 bytes to offset 552660
Received DATA packet writing 755 bytes to offset 553415
Received DATA packet writing 755 bytes to offset 554170
Received DATA packet writing 755 bytes to offset 554925
Received DATA packet writing 755 bytes to offset 555680
Received DATA packet writing 755 bytes to offset 556435
Received DATA packet writing 755 bytes to offset 557190
Received DATA packet writing 755 bytes to offset 557945
Received DATA packet writing 755 bytes to offset 558700
Received DATA packet writing 755 bytes to offset 559455
Received DATA packet writing 755 bytes to offset 560210
Received DATA packet writing 755 bytes to offset 560965
Received DATA packet writing 755 bytes to offset 561720
Received DATA packet writing 755 bytes to offset 562475
Received DATA packet writing 755 bytes to offset 563230
Received DATA packet writing 755 bytes to offset 563985
Received DATA packet writing 755 bytes to offset 564740
Received DATA packet writing 755 bytes to offset 565495
Received DATA packet writing 755 bytes to offset 566250
Received DATA packet writing 755 bytes to offset 567005
Received DATA packet writing 755 bytes to offset 567760
Received DATA packet writing 755 bytes to offset 568515
Received DATA packet writing 755 bytes to offset 569270
Received DATA packet writing 755 bytes to offset 570025
Received DATA packet writing 755 bytes to offset 570780
Received DATA packet writing 755 bytes to offset 571535
Received DATA packet writing 755 bytes to offset 572290
Received DATA packet writing 755 bytes to offset 573045
Received DATA packet writing 755 bytes to offset 573800
Received DATA packet writing 755 bytes to offset 574555
Received DATA packet writing 755 bytes to offset 575310
Received DATA packet writing 755 bytes to offset 576065
Received DATA packet writing 755 bytes to offset 576820
Received DATA packet writing 755 bytes to offset 577575
Received DATA packet writing 755 bytes to offset 578330
Received DATA packet writing 755 bytes to offset 579085
Received DATA packet writing 755 bytes to offset 579840
Received DATA packet writing 755 bytes to offset 580595
Received DATA packet writing 755 bytes to offset 581350
Received DATA packet writing 755 bytes to offset 582105
Received DATA packet writing 755 bytes to offset 582860
Received DATA packet writing 755 bytes to offset 583615
Received DATA packet writing 755 bytes to offset 584370
Received DATA packet writing 755 bytes to offset 585125
Received DATA packet writing 755 bytes to offset 585880
Received DATA packet writing 755 bytes to offset 586635
Received DATA packet writing 755 bytes to offset 587390
Received DATA packet writing 755 bytes to offset 588145
Received DATA packet writing 755 bytes to offset 588900
Received DATA packet writing 755 bytes to offset 589655
Received DATA packet writing 755 bytes to offset 590410
Received DATA packet writing 755 bytes to offset 591165
Received DATA packet writing 755 bytes to offset 591920
Received DATA packet writing 755 bytes to offset 592675
Received DATA packet writing 755 bytes to offset 593430
Received DATA packet writing 755 bytes to offset 594185
Received DATA packet writing 755 bytes to offset 594940
Received DATA packet writing 755 bytes to offset 595695
Received DATA packet writing 755 bytes to offset 596450
Received DATA packet writing 755 bytes to offset 597205
Received DATA packet writing 755 bytes to offset 597960
Received DATA packet writing 755 bytes to offset 598715
Received DATA packet writing 755 bytes to offset 599470
Received DATA packet writing 755 bytes to offset 600225
Received DATA packet writing 755 bytes to offset 600980
Received DATA packet writing 755 bytes to offset 601735
Received DATA packet writing 755 bytes to offset 602490
Received DATA packet writing 755 bytes to offset 603245
Received DATA packet writing 755 bytes to offset 604000
Received DATA packet writing 755 bytes to offset 604755
Received DATA packet writing 755 bytes to offset 605510
Received DATA packet writing 755 bytes to offset 606265
Received DATA packet writing 755 bytes to offset 607020
Received DATA packet writing 755 bytes to offset 607775
Received DATA packet writing 755 bytes to offset 608530
Received DATA packet writing 755 bytes to offset 609285
Received DATA packet writing 755 bytes to offset 610040
Received DATA packet writing 755 bytes to offset 610795
Received DATA packet writing 755 bytes to offset 611550
Received DATA packet writing 755 bytes to offset 612305
Received DATA packet writing 755 bytes to offset 613060
Received DATA packet writing 755 bytes to offset 613815
Received DATA packet writing 755 bytes to offset 614570
Received DATA packet writing 755 bytes to offset 615325
Received DATA packet writing 755 bytes to offset 616080
Received DATA packet writing 755 bytes to offset 616835
Received DATA packet writing 755 bytes to offset 617590
Received DATA packet writing 755 bytes to offset 618345
Received DATA packet writing 755 bytes to offset 619100
Received DATA packet writing 755 bytes to offset 619855
Received DATA packet writing 755 bytes to offset 620610
Received DATA packet writing 755 bytes to offset 621365
Received DATA packet writing 755 bytes to offset 622120
Received DATA packet writing 755 bytes to offset 622875
Received DATA packet writing 755 bytes to offset 623630
Received DATA packet writing 755 bytes to offset 624385
Received DATA packet writing 755 bytes to offset 625140
Received DATA packet writing 755 bytes to offset 625895
Received DATA packet writing 755 bytes to offset 626650
Received DATA packet writing 755 bytes to offset 627405
Received DATA packet writing 755 bytes to offset 628160
Received DATA packet writing 755 bytes to offset 628915
Received DATA packet writing 755 bytes to offset 629670
Received DATA packet writing 755 bytes to offset 630425
Received DATA packet writing 755 bytes to offset 631180
Received DATA packet writing 755 bytes to offset 631935
Received DATA packet writing 755 bytes to offset 632690
Received DATA packet writing 755 bytes to offset 633445
Received DATA packet writing 755 bytes to offset 634200
Received DATA packet writing 755 bytes to offset 634955
Received DATA packet writing 755 bytes to offset 635710
Received DATA packet writing 755 bytes to offset 636465
Received DATA packet writing 755 bytes to offset 637220
Received DATA packet writing 755 bytes to offset 637975
Received DATA packet writing 755 bytes to offset 638730
Received DATA packet writing 755 bytes to offset 639485
Received DATA packet writing 755 bytes to offset 640240
Received DATA packet writing 755 bytes to offset 640995
Received DATA packet writing 755 bytes to offset 641750
Received DATA packet writing 755 bytes to offset 642505
Received DATA packet writing 755 bytes to offset 643260
Received DATA packet writing 755 bytes to offset 644015
Received DATA packet writing 755 bytes to offset 644770
Received DATA packet writing 755 bytes to offset 645525
Received DATA packet writing 755 bytes to offset 646280
Received DATA packet writing 755 bytes to offset 647035
Received DATA packet writing 755 bytes to offset 647790
Received DATA packet writing 755 bytes to offset 648545
Received DATA packet writing 755 bytes to offset 649300
Received DATA packet writing 755 bytes to offset 650055
Received DATA packet writing 755 bytes to offset 650810
Received DATA packet writing 755 bytes to offset 651565
Received DATA packet writing 755 bytes to offset 652320
Received DATA packet writing 755 bytes to offset 653075
Received DATA packet writing 755 bytes to offset 653830
Received DATA packet writing 755 bytes to offset 654585
Received DATA packet writing 755 bytes to offset 655340
Received DATA packet writing 755 bytes to offset 656095
Received DATA packet writing 755 bytes to offset 656850
Received DATA packet writing 755 bytes to offset 657605
Received DATA packet writing 755 bytes to offset 658360
Received DATA packet writing 755 bytes to offset 659115
Received DATA packet writing 755 bytes to offset 659870
Received DATA packet writing 755 bytes to offset 660625
Received DATA packet writing 755 bytes to offset 661380
Received DATA packet writing 755 bytes to offset 662135
Received DATA packet writing 755 bytes to offset 662890
Received DATA packet writing 755 bytes to offset 663645
Received DATA packet writing 755 bytes to offset 664400
Received DATA packet writing 755 bytes to offset 665155
Received DATA packet writing 755 bytes to offset 665910
Received DATA packet writing 755 bytes to offset 666665
Received DATA packet writing 755 bytes to offset 667420
Received DATA packet writing 755 bytes to offset 668175
Received DATA packet writing 755 bytes to offset 668930
Received DATA packet writing 755 bytes to offset 669685
Received DATA packet writing 755 bytes to offset 670440
Received DATA packet writing 755 bytes to offset 671195
Received DATA packet writing 755 bytes to offset 671950
Received DATA packet writing 755 bytes to offset 672705
Received DATA packet writing 755 bytes to offset 673460
Received DATA packet writing 755 bytes to offset 674215
Received DATA packet writing 755 bytes to offset 674970
Received DATA packet writing 755 bytes to offset 675725
Received DATA packet writing 755 bytes to offset 676480
Received DATA packet writing 755 bytes to offset 677235
Received DATA packet writing 755 bytes to offset 677990
Received DATA packet writing 755 bytes to offset 678745
Received DATA packet writing 755 bytes to offset 679500
Received DATA packet writing 755 bytes to offset 680255
Received DATA packet writing 755 bytes to offset 681010
Received DATA packet writing 755 bytes to offset 681765
Received DATA packet writing 755 bytes to offset 682520
Received DATA packet writing 755 bytes to offset 683275
Received DATA packet writing 755 bytes to offset 684030
Received DATA packet writing 755 bytes to offset 684785
Received DATA packet writing 755 bytes to offset 685540
Received DATA packet writing 755 bytes to offset 686295
Received DATA packet writing 755 bytes to offset 687050
Received DATA packet writing 755 bytes to offset 687805
Received DATA packet writing 755 bytes to offset 688560
Received DATA packet writing 755 bytes to offset 689315
Received DATA packet writing 755 bytes to offset 690070
Received DATA packet writing 755 bytes to offset 690825
Received DATA packet writing 755 bytes to offset 691580
Received DATA packet writing 755 bytes to offset 692335
Received DATA packet writing 755 bytes to offset 693090
Received DATA packet writing 755 bytes to offset 693845
Received DATA packet writing 755 bytes to offset 694600
Received DATA packet writing 755 bytes to offset 695355
Received DATA packet writing 755 bytes to offset 696110
Received DATA packet writing 755 bytes to offset 696865
Received DATA packet writing 755 bytes to offset 697620
Received DATA packet writing 755 bytes to offset 698375
Received DATA packet writing 755 bytes to offset 699130
Received DATA packet writing 755 bytes to offset 699885
Received DATA packet writing 755 bytes to offset 700640
Received DATA packet writing 755 bytes to offset 701395
Received DATA packet writing 755 bytes to offset 702150
Received DATA packet writing 755 bytes to offset 702905
Received DATA packet writing 755 bytes to offset 703660
Received DATA packet writing 755 bytes to offset 704415
Received DATA packet writing 755 bytes to offset 705170
Received DATA packet writing 755 bytes to offset 705925
Received DATA packet writing 755 bytes to offset 706680
Received DATA packet writing 755 bytes to offset 707435
Received DATA packet writing 755 bytes to offset 708190
Received DATA packet writing 755 bytes to offset 708945
Received DATA packet writing 755 bytes to offset 709700
Received DATA packet writing 755 bytes to offset 710455
Received DATA packet writing 755 bytes to offset 711210
Received DATA packet writing 755 bytes to offset 711965
Received DATA packet writing 755 bytes to offset 712720
Received DATA packet writing 755 bytes to offset 713475
Received DATA packet writing 755 bytes to offset 714230
Received DATA packet writing 755 bytes to offset 714985
Received DATA packet writing 755 bytes to offset 715740
Received DATA packet writing 755 bytes to offset 716495
Received DATA packet writing 755 bytes to offset 717250
Received DATA packet writing 755 bytes to offset 718005
Received DATA packet writing 755 bytes to offset 718760
Received DATA packet writing 755 bytes to offset 719515
Received DATA packet writing 755 bytes to offset 720270
Received DATA packet writing 755 bytes to offset 721025
Received DATA packet writing 755 bytes to offset 721780
Received DATA packet writing 755 bytes to offset 722535
Received DATA packet writing 755 bytes to offset 723290
Received DATA packet writing 755 bytes to offset 724045
Received DATA packet writing 755 bytes to offset 724800
Received DATA packet writing 755 bytes to offset 725555
Received DATA packet writing 755 bytes to offset 726310
Received DATA packet writing 755 bytes to offset 727065
Received DATA packet writing 755 bytes to offset 727820
Received DATA packet writing 755 bytes to offset 728575
Received DATA packet writing 755 bytes to offset 729330
Received DATA packet writing 755 bytes to offset 730085
Received DATA packet writing 755 bytes to offset 730840
Received DATA packet writing 755 bytes to offset 731595
Received DATA packet writing 755 bytes to offset 732350
Received DATA packet writing 755 bytes to offset 733105
Received DATA packet writing 755 bytes to offset 733860
Received DATA packet writing 755 bytes to offset 734615
Received DATA packet writing 755 bytes to offset 735370
Received DATA packet writing 755 bytes to offset 736125
Received DATA packet writing 755 bytes to offset 736880
Received DATA packet writing 755 bytes to offset 737635
Received DATA packet writing 755 bytes to offset 738390
Received DATA packet writing 755 bytes to offset 739145
Received DATA packet writing 755 bytes to offset 739900
Received DATA packet writing 755 bytes to offset 740655
Received DATA packet writing 755 bytes to offset 741410
Received DATA packet writing 755 bytes to offset 742165
Received DATA packet writing 755 bytes to offset 742920
Received DATA packet writing 755 bytes to offset 743675
Received DATA packet writing 755 bytes to offset 744430
Received DATA packet writing 755 bytes to offset 745185
Received DATA packet writing 755 bytes to offset 745940
Received DATA packet writing 755 bytes to offset 746695
Received DATA packet writing 755 bytes to offset 747450
Received DATA packet writing 755 bytes to offset 748205
Received DATA packet writing 755 bytes to offset 748960
Received DATA packet writing 755 bytes to offset 749715
Received DATA packet writing 755 bytes to offset 750470
Received DATA packet writing 755 bytes to offset 751225
Received DATA packet writing 755 bytes to offset 751980
Received DATA packet writing 755 bytes to offset 752735
Received DATA packet writing 755 bytes to offset 753490
Received DATA packet writing 755 bytes to offset 754245
Received DATA packet writing 755 bytes to offset 755000
Received DATA packet writing 755 bytes to offset 755755
Received DATA packet writing 755 bytes to offset 756510
Received DATA packet writing 755 bytes to offset 757265
Received DATA packet writing 755 bytes to offset 758020
Received DATA packet writing 755 bytes to offset 758775
Received DATA packet writing 755 bytes to offset 759530
Received DATA packet writing 755 bytes to offset 760285
Received DATA packet writing 755 bytes to offset 761040
Received DATA packet writing 755 bytes to offset 761795
Received DATA packet writing 755 bytes to offset 762550
Received DATA packet writing 755 bytes to offset 763305
Received DATA packet writing 755 bytes to offset 764060
Received DATA packet writing 755 bytes to offset 764815
Received DATA packet writing 755 bytes to offset 765570
Received DATA packet writing 755 bytes to offset 766325
Received DATA packet writing 755 bytes to offset 767080
Received DATA packet writing 755 bytes to offset 767835
Received DATA packet writing 755 bytes to offset 768590
Received DATA packet writing 755 bytes to offset 769345
Received DATA packet writing 755 bytes to offset 770100
Received DATA packet writing 755 bytes to offset 770855
Received DATA packet writing 755 bytes to offset 771610
Received DATA packet writing 755 bytes to offset 772365
Received DATA packet writing 755 bytes to offset 773120
Received DATA packet writing 755 bytes to offset 773875
Received DATA packet writing 755 bytes to offset 774630
Received DATA packet writing 755 bytes to offset 775385
Received DATA packet writing 755 bytes to offset 776140
Received DATA packet writing 755 bytes to offset 776895
Received DATA packet writing 755 bytes to offset 777650
Received DATA packet writing 755 bytes to offset 778405
Received DATA packet writing 755 bytes to offset 779160
Received DATA packet writing 755 bytes to offset 779915
Received DATA packet writing 755 bytes to offset 780670
Received DATA packet writing 755 bytes to offset 781425
Received DATA packet writing 755 bytes to offset 782180
Received DATA packet writing 755 bytes to offset 782935
Received DATA packet writing 755 bytes to offset 783690
Received DATA packet writing 755 bytes to offset 784445
Received DATA packet writing 755 bytes to offset 785200
Received DATA packet writing 477 bytes to offset 785955
Received END packet, finishing downlink
